"Start of log file."
"C:/Users/Chase/DOCUME~1/GitHub/GGJ2K21/Paranoia/Assets/Objects/DEADTR~1/DEADTR~1.MAX"
"Starting max loading and fbx conversion"
window = undefined
"Settings units"
"Before fbx export"
"After fbx export"
"Finished max loading and fbx conversion"
"C:/Users/Chase/DOCUME~1/GitHub/GGJ2K21/Paranoia/Assets/Objects/DEADTR~1/DEADTR~2.MAX"
"Starting max loading and fbx conversion"
window = undefined
"Settings units"
"Before fbx export"
"After fbx export"
"Finished max loading and fbx conversion"
"C:/Users/Chase/DOCUME~1/GitHub/GGJ2K21/Paranoia/Assets/Objects/DEADTR~1/DEADTR~3.MAX"
"Starting max loading and fbx conversion"
window = undefined
"Settings units"
"Before fbx export"
"After fbx export"
"Finished max loading and fbx conversion"
"C:/Users/Chase/DOCUME~1/GitHub/GGJ2K21/Paranoia/Assets/Objects/DEADTR~1/DEADTR~4.MAX"
"Starting max loading and fbx conversion"
window = undefined
"Settings units"
"Before fbx export"
"After fbx export"
"Finished max loading and fbx conversion"
"C:/Users/Chase/DOCUME~1/GitHub/GGJ2K21/Paranoia/Assets/Objects/Logs/Logs.max"
"Starting max loading and fbx conversion"
window = undefined
"Settings units"
"Before fbx export"
"After fbx export"
"Finished max loading and fbx conversion"
"C:/Users/Chase/DOCUME~1/GitHub/GGJ2K21/Paranoia/Assets/Objects/DEADTR~1/DEE2C7~1.MAX"
"Starting max loading and fbx conversion"
window = undefined
"Settings units"
"Before fbx export"
"After fbx export"
"Finished max loading and fbx conversion"
"C:/Users/Chase/DOCUME~1/GitHub/GGJ2K21/Paranoia/Assets/Objects/DEADTR~1/DE5A89~1.MAX"
"Starting max loading and fbx conversion"
window = undefined
"Settings units"
"Before fbx export"
"After fbx export"
"Finished max loading and fbx conversion"
